<?xml version="1.0" encoding="UTF-8"?>
<!-- Generated by org.testng.reporters.JUnitReportReporter -->
<testsuite hostname="DESKTOP-R3P24O8" failures="0" tests="1" name="com.juaracoding.restassured.TestCRUD" time="2.600" errors="0" timestamp="2022-08-25T00:36:15 WIB" skipped="0">
  <testcase classname="com.juaracoding.restassured.TestCRUD" name="TestPost" time="2.600"/>
  <system-out/>
</testsuite> <!-- com.juaracoding.restassured.TestCRUD -->
