<?xml version="1.0" encoding="UTF-8"?>
<!-- Generated by org.testng.reporters.JUnitReportReporter -->
<testsuite hostname="DESKTOP-R3P24O8" failures="0" tests="1" name="com.juaracoding.posttest21.TestPost" time="3.589" errors="0" timestamp="2022-08-25T00:38:32 WIB" skipped="0">
  <testcase classname="com.juaracoding.posttest21.TestPost" name="TestPost" time="3.589"/>
  <system-out/>
</testsuite> <!-- com.juaracoding.posttest21.TestPost -->
