<?xml version="1.0" encoding="UTF-8"?>
<!-- Generated by org.testng.reporters.JUnitReportReporter -->
<testsuite hostname="DESKTOP-R3P24O8" failures="0" tests="6" name="com.juaracoding.posttest21.TestGet" time="13.709" errors="0" timestamp="2022-08-25T00:18:50 WIB" skipped="0">
  <testcase classname="com.juaracoding.posttest21.TestGet" name="testIDTwo" time="1.842"/>
  <system-out/>
  <testcase classname="com.juaracoding.posttest21.TestGet" name="testStatusCode" time="1.824"/>
  <system-out/>
  <testcase classname="com.juaracoding.posttest21.TestGet" name="testIDFive" time="1.864"/>
  <system-out/>
  <testcase classname="com.juaracoding.posttest21.TestGet" name="testIDFour" time="1.865"/>
  <system-out/>
  <testcase classname="com.juaracoding.posttest21.TestGet" name="testIDThree" time="1.839"/>
  <system-out/>
  <testcase classname="com.juaracoding.posttest21.TestGet" name="tesIDOne" time="4.475"/>
  <system-out/>
</testsuite> <!-- com.juaracoding.posttest21.TestGet -->
