<?xml version="1.0" encoding="UTF-8"?>
<!-- Generated by org.testng.reporters.JUnitReportReporter -->
<testsuite hostname="DESKTOP-R3P24O8" failures="0" tests="3" name="com.juaracoding.restassured.TestGetAllUser" time="7.692" errors="0" timestamp="2022-08-23T20:51:10 WIB" skipped="0">
  <testcase classname="com.juaracoding.restassured.TestGetAllUser" name="testStatusCode" time="0.212"/>
  <system-out/>
  <testcase classname="com.juaracoding.restassured.TestGetAllUser" name="testID" time="7.255"/>
  <system-out/>
  <testcase classname="com.juaracoding.restassured.TestGetAllUser" name="testIDTwo" time="0.225"/>
  <system-out/>
</testsuite> <!-- com.juaracoding.restassured.TestGetAllUser -->
